<?xml version="1.0" encoding="UTF-8"?>
<testng-results skipped="0" failed="0" ignored="0" total="1" passed="1">
  <reporter-output>
  </reporter-output>
  <suite name="Suite" duration-ms="21987" started-at="2017-08-25T15:48:56Z" finished-at="2017-08-25T15:49:18Z">
    <groups>
    </groups>
    <test name="Test" duration-ms="21987" started-at="2017-08-25T15:48:56Z" finished-at="2017-08-25T15:49:18Z">
      <class name="com.marat.test.SpeedTest">
        <test-method status="PASS" signature="setUp(java.lang.String, java.lang.String)[pri:0, instance:com.marat.test.SpeedTest@4bec1f0c]" name="setUp" is-config="true" duration-ms="16643" started-at="2017-08-25T11:48:56Z" finished-at="2017-08-25T11:49:12Z">
          <params>
            <param index="0">
              <value>
                <![CDATA[chrome]]>
              </value>
            </param>
            <param index="1">
              <value>
                <![CDATA[http://www.beta.speedtest.net/]]>
              </value>
            </param>
          </params>
          <reporter-output>
          </reporter-output>
        </test-method> <!-- setUp -->
        <test-method status="PASS" signature="Test()[pri:0, instance:com.marat.test.SpeedTest@4bec1f0c]" name="Test" duration-ms="2366" started-at="2017-08-25T11:49:12Z" finished-at="2017-08-25T11:49:15Z">
          <reporter-output>
          </reporter-output>
        </test-method> <!-- Test -->
        <test-method status="PASS" signature="tearDown()[pri:0, instance:com.marat.test.SpeedTest@4bec1f0c]" name="tearDown" is-config="true" duration-ms="2967" started-at="2017-08-25T11:49:15Z" finished-at="2017-08-25T11:49:18Z">
          <reporter-output>
          </reporter-output>
        </test-method> <!-- tearDown -->
      </class> <!-- com.marat.test.SpeedTest -->
    </test> <!-- Test -->
  </suite> <!-- Suite -->
</testng-results>
